{"level":"info","message":"Server running at http://localhost:3000","service":"data-marketplace-server"}
{"level":"info","message":"Stored data with CID: QmdkYCwKKNADNhwYeA7TqytJTg5CgkWRHtsxhZdQQV2iup","service":"data-marketplace-server"}
{"level":"info","message":"Stored data with CID:","service":"data-marketplace-server"}
{"level":"info","message":"Stored data with CID: QmdEuEauMAx7nRgXfPP8y86DWVoURgJUfDbH32fASXT5rT","service":"data-marketplace-server"}
{"level":"info","message":"Stored data with CID:","service":"data-marketplace-server"}
{"level":"info","message":"Stored data with CID: QmfMfXquxZeAEGwRGYua5DB1n5FBSs3xTaovXLG4ygZ9Bc","service":"data-marketplace-server"}
{"level":"info","message":"Stored data with CID:","service":"data-marketplace-server"}
{"level":"error","message":"Error retrieving data from IPFS: Unexpected non-whitespace character after JSON at position 3 (line 1 column 4)","service":"data-marketplace-server","stack":"SyntaxError: Unexpected non-whitespace character after JSON at position 3 (line 1 column 4)\n    at JSON.parse (<anonymous>)\n    at retrieveDataFromIPFS (/Users/hanweitan/Documents/GithubProject/world-id-marketplace/privacy-preserving-marketplace/data-marketplace-server/server.js:55:17)\n    at process.processTicksAndRejections (node:internal/process/task_queues:95:5)\n    at async /Users/hanweitan/Documents/GithubProject/world-id-marketplace/privacy-preserving-marketplace/data-marketplace-server/server.js:79:18"}
{"level":"error","message":"Error retrieving data: Unexpected non-whitespace character after JSON at position 3 (line 1 column 4)","service":"data-marketplace-server","stack":"SyntaxError: Unexpected non-whitespace character after JSON at position 3 (line 1 column 4)\n    at JSON.parse (<anonymous>)\n    at retrieveDataFromIPFS (/Users/hanweitan/Documents/GithubProject/world-id-marketplace/privacy-preserving-marketplace/data-marketplace-server/server.js:55:17)\n    at process.processTicksAndRejections (node:internal/process/task_queues:95:5)\n    at async /Users/hanweitan/Documents/GithubProject/world-id-marketplace/privacy-preserving-marketplace/data-marketplace-server/server.js:79:18"}
{"level":"info","message":"Server running at http://localhost:3000","service":"data-marketplace-server"}
{"level":"info","message":"Stored data with CID: Qmeu8yYUgfUSVmskQCEqXRMfYq8Zr1p5Cw7jqnEamstRNR","service":"data-marketplace-server"}
{"level":"info","message":"Stored data with CID:","service":"data-marketplace-server"}
{"level":"info","message":"Stored data with CID: QmYi3zgNBnSckG9WxqxaLdJjqH5EapJ99DLLXT8gePqJnx","service":"data-marketplace-server"}
{"level":"info","message":"Stored data with CID:","service":"data-marketplace-server"}
{"level":"error","message":"Error retrieving data from IPFS: Unexpected non-whitespace character after JSON at position 3 (line 1 column 4)","service":"data-marketplace-server","stack":"SyntaxError: Unexpected non-whitespace character after JSON at position 3 (line 1 column 4)\n    at JSON.parse (<anonymous>)\n    at retrieveDataFromIPFS (/Users/hanweitan/Documents/GithubProject/world-id-marketplace/privacy-preserving-marketplace/data-marketplace-server/server.js:58:17)\n    at process.processTicksAndRejections (node:internal/process/task_queues:95:5)\n    at async /Users/hanweitan/Documents/GithubProject/world-id-marketplace/privacy-preserving-marketplace/data-marketplace-server/server.js:83:18"}
{"level":"error","message":"Error retrieving data: data is not defined","service":"data-marketplace-server","stack":"ReferenceError: data is not defined\n    at retrieveDataFromIPFS (/Users/hanweitan/Documents/GithubProject/world-id-marketplace/privacy-preserving-marketplace/data-marketplace-server/server.js:62:23)\n    at process.processTicksAndRejections (node:internal/process/task_queues:95:5)\n    at async /Users/hanweitan/Documents/GithubProject/world-id-marketplace/privacy-preserving-marketplace/data-marketplace-server/server.js:83:18"}
{"level":"info","message":"Stored data with CID: QmfMfXquxZeAEGwRGYua5DB1n5FBSs3xTaovXLG4ygZ9Bc","service":"data-marketplace-server"}
{"level":"info","message":"Stored data with CID:","service":"data-marketplace-server"}
{"level":"error","message":"Error retrieving data from IPFS: Unexpected non-whitespace character after JSON at position 3 (line 1 column 4)","service":"data-marketplace-server","stack":"SyntaxError: Unexpected non-whitespace character after JSON at position 3 (line 1 column 4)\n    at JSON.parse (<anonymous>)\n    at retrieveDataFromIPFS (/Users/hanweitan/Documents/GithubProject/world-id-marketplace/privacy-preserving-marketplace/data-marketplace-server/server.js:58:17)\n    at process.processTicksAndRejections (node:internal/process/task_queues:95:5)\n    at async /Users/hanweitan/Documents/GithubProject/world-id-marketplace/privacy-preserving-marketplace/data-marketplace-server/server.js:83:18"}
{"level":"error","message":"Error retrieving data: data is not defined","service":"data-marketplace-server","stack":"ReferenceError: data is not defined\n    at retrieveDataFromIPFS (/Users/hanweitan/Documents/GithubProject/world-id-marketplace/privacy-preserving-marketplace/data-marketplace-server/server.js:62:23)\n    at process.processTicksAndRejections (node:internal/process/task_queues:95:5)\n    at async /Users/hanweitan/Documents/GithubProject/world-id-marketplace/privacy-preserving-marketplace/data-marketplace-server/server.js:83:18"}
{"level":"info","message":"Server running at http://localhost:3000","service":"data-marketplace-server"}
{"level":"info","message":"Stored data with CID: QmWjRMuj5aCQif4B9Q89s8Y2Uh8NpgWvfFsHx6hWQL1Zki","service":"data-marketplace-server"}
{"level":"info","message":"Stored data with CID:","service":"data-marketplace-server"}
{"level":"info","message":"Stored data with CID: QmbLLotJ2EqXN14qNd49hmVhAZW9AhSfrBkfi9DZN3m3Xj","service":"data-marketplace-server"}
{"level":"info","message":"Stored data with CID:","service":"data-marketplace-server"}
{"level":"info","message":"Stored data with CID: QmfMfXquxZeAEGwRGYua5DB1n5FBSs3xTaovXLG4ygZ9Bc","service":"data-marketplace-server"}
{"level":"info","message":"Stored data with CID:","service":"data-marketplace-server"}
