{"level":"error","message":"Error retrieving data from IPFS: Unexpected non-whitespace character after JSON at position 3 (line 1 column 4)","service":"data-marketplace-server","stack":"SyntaxError: Unexpected non-whitespace character after JSON at position 3 (line 1 column 4)\n    at JSON.parse (<anonymous>)\n    at retrieveDataFromIPFS (/Users/hanweitan/Documents/GithubProject/world-id-marketplace/privacy-preserving-marketplace/data-marketplace-server/server.js:55:17)\n    at process.processTicksAndRejections (node:internal/process/task_queues:95:5)\n    at async /Users/hanweitan/Documents/GithubProject/world-id-marketplace/privacy-preserving-marketplace/data-marketplace-server/server.js:79:18"}
{"level":"error","message":"Error retrieving data: Unexpected non-whitespace character after JSON at position 3 (line 1 column 4)","service":"data-marketplace-server","stack":"SyntaxError: Unexpected non-whitespace character after JSON at position 3 (line 1 column 4)\n    at JSON.parse (<anonymous>)\n    at retrieveDataFromIPFS (/Users/hanweitan/Documents/GithubProject/world-id-marketplace/privacy-preserving-marketplace/data-marketplace-server/server.js:55:17)\n    at process.processTicksAndRejections (node:internal/process/task_queues:95:5)\n    at async /Users/hanweitan/Documents/GithubProject/world-id-marketplace/privacy-preserving-marketplace/data-marketplace-server/server.js:79:18"}
{"level":"error","message":"Error retrieving data from IPFS: Unexpected non-whitespace character after JSON at position 3 (line 1 column 4)","service":"data-marketplace-server","stack":"SyntaxError: Unexpected non-whitespace character after JSON at position 3 (line 1 column 4)\n    at JSON.parse (<anonymous>)\n    at retrieveDataFromIPFS (/Users/hanweitan/Documents/GithubProject/world-id-marketplace/privacy-preserving-marketplace/data-marketplace-server/server.js:58:17)\n    at process.processTicksAndRejections (node:internal/process/task_queues:95:5)\n    at async /Users/hanweitan/Documents/GithubProject/world-id-marketplace/privacy-preserving-marketplace/data-marketplace-server/server.js:83:18"}
{"level":"error","message":"Error retrieving data: data is not defined","service":"data-marketplace-server","stack":"ReferenceError: data is not defined\n    at retrieveDataFromIPFS (/Users/hanweitan/Documents/GithubProject/world-id-marketplace/privacy-preserving-marketplace/data-marketplace-server/server.js:62:23)\n    at process.processTicksAndRejections (node:internal/process/task_queues:95:5)\n    at async /Users/hanweitan/Documents/GithubProject/world-id-marketplace/privacy-preserving-marketplace/data-marketplace-server/server.js:83:18"}
{"level":"error","message":"Error retrieving data from IPFS: Unexpected non-whitespace character after JSON at position 3 (line 1 column 4)","service":"data-marketplace-server","stack":"SyntaxError: Unexpected non-whitespace character after JSON at position 3 (line 1 column 4)\n    at JSON.parse (<anonymous>)\n    at retrieveDataFromIPFS (/Users/hanweitan/Documents/GithubProject/world-id-marketplace/privacy-preserving-marketplace/data-marketplace-server/server.js:58:17)\n    at process.processTicksAndRejections (node:internal/process/task_queues:95:5)\n    at async /Users/hanweitan/Documents/GithubProject/world-id-marketplace/privacy-preserving-marketplace/data-marketplace-server/server.js:83:18"}
{"level":"error","message":"Error retrieving data: data is not defined","service":"data-marketplace-server","stack":"ReferenceError: data is not defined\n    at retrieveDataFromIPFS (/Users/hanweitan/Documents/GithubProject/world-id-marketplace/privacy-preserving-marketplace/data-marketplace-server/server.js:62:23)\n    at process.processTicksAndRejections (node:internal/process/task_queues:95:5)\n    at async /Users/hanweitan/Documents/GithubProject/world-id-marketplace/privacy-preserving-marketplace/data-marketplace-server/server.js:83:18"}
2024-09-21T02:19:22.624Z error: Server error {
  "error": "Format is Authorization: Bearer [token]",
  "stack": "UnauthorizedError: Format is Authorization: Bearer [token]\n    at new UnauthorizedError (/Users/hanweitan/Documents/GithubProject/world-id-marketplace/privacy-preserving-marketplace/data-marketplace-server/node_modules/express-jwt/dist/errors/UnauthorizedError.js:22:28)\n    at /Users/hanweitan/Documents/GithubProject/world-id-marketplace/privacy-preserving-marketplace/data-marketplace-server/node_modules/express-jwt/dist/index.js:107:39\n    at step (/Users/hanweitan/Documents/GithubProject/world-id-marketplace/privacy-preserving-marketplace/data-marketplace-server/node_modules/express-jwt/dist/index.js:33:23)\n    at Object.next (/Users/hanweitan/Documents/GithubProject/world-id-marketplace/privacy-preserving-marketplace/data-marketplace-server/node_modules/express-jwt/dist/index.js:14:53)\n    at /Users/hanweitan/Documents/GithubProject/world-id-marketplace/privacy-preserving-marketplace/data-marketplace-server/node_modules/express-jwt/dist/index.js:8:71\n    at new Promise (<anonymous>)\n    at __awaiter (/Users/hanweitan/Documents/GithubProject/world-id-marketplace/privacy-preserving-marketplace/data-marketplace-server/node_modules/express-jwt/dist/index.js:4:12)\n    at middleware (/Users/hanweitan/Documents/GithubProject/world-id-marketplace/privacy-preserving-marketplace/data-marketplace-server/node_modules/express-jwt/dist/index.js:67:16)\n    at Layer.handle [as handle_request] (/Users/hanweitan/Documents/GithubProject/world-id-marketplace/privacy-preserving-marketplace/data-marketplace-server/node_modules/express/lib/router/layer.js:95:5)\n    at next (/Users/hanweitan/Documents/GithubProject/world-id-marketplace/privacy-preserving-marketplace/data-marketplace-server/node_modules/express/lib/router/route.js:149:13)"
}
2024-09-21T02:20:28.356Z error: Error retrieving data from IPFS {
  "error": "invalid path \"YOUR_CID_HERE\": path does not have enough components"
}
2024-09-21T02:20:28.356Z error: Error retrieving data {
  "error": "invalid path \"YOUR_CID_HERE\": path does not have enough components"
}
2024-09-21T02:21:43.554Z error: Server error {
  "error": "Format is Authorization: Bearer [token]",
  "stack": "UnauthorizedError: Format is Authorization: Bearer [token]\n    at new UnauthorizedError (/Users/hanweitan/Documents/GithubProject/world-id-marketplace/privacy-preserving-marketplace/data-marketplace-server/node_modules/express-jwt/dist/errors/UnauthorizedError.js:22:28)\n    at /Users/hanweitan/Documents/GithubProject/world-id-marketplace/privacy-preserving-marketplace/data-marketplace-server/node_modules/express-jwt/dist/index.js:107:39\n    at step (/Users/hanweitan/Documents/GithubProject/world-id-marketplace/privacy-preserving-marketplace/data-marketplace-server/node_modules/express-jwt/dist/index.js:33:23)\n    at Object.next (/Users/hanweitan/Documents/GithubProject/world-id-marketplace/privacy-preserving-marketplace/data-marketplace-server/node_modules/express-jwt/dist/index.js:14:53)\n    at /Users/hanweitan/Documents/GithubProject/world-id-marketplace/privacy-preserving-marketplace/data-marketplace-server/node_modules/express-jwt/dist/index.js:8:71\n    at new Promise (<anonymous>)\n    at __awaiter (/Users/hanweitan/Documents/GithubProject/world-id-marketplace/privacy-preserving-marketplace/data-marketplace-server/node_modules/express-jwt/dist/index.js:4:12)\n    at middleware (/Users/hanweitan/Documents/GithubProject/world-id-marketplace/privacy-preserving-marketplace/data-marketplace-server/node_modules/express-jwt/dist/index.js:67:16)\n    at Layer.handle [as handle_request] (/Users/hanweitan/Documents/GithubProject/world-id-marketplace/privacy-preserving-marketplace/data-marketplace-server/node_modules/express/lib/router/layer.js:95:5)\n    at next (/Users/hanweitan/Documents/GithubProject/world-id-marketplace/privacy-preserving-marketplace/data-marketplace-server/node_modules/express/lib/router/route.js:149:13)"
}
2024-09-21T02:24:09.519Z error: Server error {
  "error": "jwt malformed",
  "stack": "UnauthorizedError: jwt malformed\n    at new UnauthorizedError (/Users/hanweitan/Documents/GithubProject/world-id-marketplace/privacy-preserving-marketplace/data-marketplace-server/node_modules/express-jwt/dist/errors/UnauthorizedError.js:22:28)\n    at /Users/hanweitan/Documents/GithubProject/world-id-marketplace/privacy-preserving-marketplace/data-marketplace-server/node_modules/express-jwt/dist/index.js:139:38\n    at step (/Users/hanweitan/Documents/GithubProject/world-id-marketplace/privacy-preserving-marketplace/data-marketplace-server/node_modules/express-jwt/dist/index.js:33:23)\n    at Object.next (/Users/hanweitan/Documents/GithubProject/world-id-marketplace/privacy-preserving-marketplace/data-marketplace-server/node_modules/express-jwt/dist/index.js:14:53)\n    at fulfilled (/Users/hanweitan/Documents/GithubProject/world-id-marketplace/privacy-preserving-marketplace/data-marketplace-server/node_modules/express-jwt/dist/index.js:5:58)\n    at process.processTicksAndRejections (node:internal/process/task_queues:95:5)"
}
2024-09-21T02:25:38.908Z error: Error retrieving data from IPFS {
  "error": "Unexpected non-whitespace character after JSON at position 3 (line 1 column 4)"
}
2024-09-21T02:25:38.908Z error: Error retrieving data {
  "error": "Unexpected non-whitespace character after JSON at position 3 (line 1 column 4)"
}
2024-09-21T02:27:30.713Z error: Error retrieving data from IPFS {
  "error": "Unexpected non-whitespace character after JSON at position 3 (line 1 column 4)"
}
2024-09-21T02:27:30.713Z error: Error retrieving data {
  "error": "Unexpected non-whitespace character after JSON at position 3 (line 1 column 4)"
}
2024-09-21T02:30:43.803Z error: Error retrieving data {
  "error": "data is not defined"
}
2024-09-21T02:36:04.496Z error: Error retrieving or parsing data from IPFS {
  "error": "Unexpected non-whitespace character after JSON at position 3 (line 1 column 4)",
  "cid": "Qmc3duNV1Vk2JY8BXEDV2R8UqoZYzvPHvu6AdMtMoUdw4r"
}
2024-09-21T02:36:04.496Z error: Error retrieving data {
  "error": "Unexpected non-whitespace character after JSON at position 3 (line 1 column 4)"
}
2024-09-21T02:41:01.743Z error: Error retrieving data {
  "error": "data is not defined"
}
2024-09-21T02:43:27.809Z error: Error retrieving or parsing data from IPFS {
  "error": "Unexpected non-whitespace character after JSON at position 3 (line 1 column 4)",
  "cid": "QmNiELtdAM3W6sL7eFyHSWiEPPgx4X1VLxWRXTiQVDMSnQ",
  "rawData": "123,34,116,101,115,116,75,101,121,34,58,34,116,101,115,116,86,97,108,117,101,34,44,34,110,117,109,98,101,114,34,58,52,50,44,34,110,101,115,116,101,100,34,58,123,34,107,101,121,34,58,34,118,97,108,117,101,34,125,125"
}
2024-09-21T02:43:27.809Z error: Error retrieving data {
  "error": "Unexpected non-whitespace character after JSON at position 3 (line 1 column 4)"
}
2024-09-21T02:50:10.611Z error: IPFS health check failed {
  "error": "no protocol with name: quic-v1"
}
2024-09-21T02:54:03.042Z error: IPFS health check failed {
  "error": "no protocol with name: quic-v1",
  "stack": "Error: no protocol with name: quic-v1\n    at Protocols (/Users/hanweitan/Documents/GithubProject/world-id-marketplace/privacy-preserving-marketplace/data-marketplace-server/node_modules/multiaddr/src/protocols-table.js:22:11)\n    at stringToStringTuples (/Users/hanweitan/Documents/GithubProject/world-id-marketplace/privacy-preserving-marketplace/data-marketplace-server/node_modules/multiaddr/src/codec.js:48:19)\n    at stringToBytes (/Users/hanweitan/Documents/GithubProject/world-id-marketplace/privacy-preserving-marketplace/data-marketplace-server/node_modules/multiaddr/src/codec.js:220:13)\n    at Object.fromString (/Users/hanweitan/Documents/GithubProject/world-id-marketplace/privacy-preserving-marketplace/data-marketplace-server/node_modules/multiaddr/src/codec.js:231:10)\n    at new Multiaddr (/Users/hanweitan/Documents/GithubProject/world-id-marketplace/privacy-preserving-marketplace/data-marketplace-server/node_modules/multiaddr/src/index.js:56:26)\n    at /Users/hanweitan/Documents/GithubProject/world-id-marketplace/privacy-preserving-marketplace/data-marketplace-server/node_modules/ipfs-http-client/cjs/src/id.js:23:53\n    at Array.map (<anonymous>)\n    at Object.id (/Users/hanweitan/Documents/GithubProject/world-id-marketplace/privacy-preserving-marketplace/data-marketplace-server/node_modules/ipfs-http-client/cjs/src/id.js:23:43)\n    at process.processTicksAndRejections (node:internal/process/task_queues:95:5)\n    at async /Users/hanweitan/Documents/GithubProject/world-id-marketplace/privacy-preserving-marketplace/data-marketplace-server/server.js:163:16"
}
2024-09-21T03:16:00.658Z error: Error retrieving or parsing data from IPFS {
  "error": "Unexpected non-whitespace character after JSON at position 3 (line 1 column 4)",
  "cid": "QmNiELtdAM3W6sL7eFyHSWiEPPgx4X1VLxWRXTiQVDMSnQ",
  "rawData": "123,34,116,101,115,116,75,101,121,34,58,34,116,101,115,116,86,97,108,117,101,34,44,34,110,117,109,98,101,114,34,58,52,50,44,34,110,101,115,116,101,100,34,58,123,34,107,101,121,34,58,34,118,97,108,117,101,34,125,125"
}
2024-09-21T03:16:00.658Z error: Error retrieving data {
  "error": "Unexpected non-whitespace character after JSON at position 3 (line 1 column 4)"
}
